<?xml version="1.0" encoding="UTF-8"?>
<!-- Generated by org.testng.reporters.JUnitReportReporter -->
<testsuite hostname="Krishna-PC" failures="0" tests="9" name="com.syn.runner.RunTest" time="5.085" errors="0" timestamp="2024-02-05T18:14:20 IST" skipped="8">
  <testcase classname="com.syn.runner.RunTest" name="testcasenine" time="5.085"/>
  <testcase classname="com.syn.runner.RunTest" name="testcaseeight">
    <skipped/>
  </testcase> <!-- testcaseeight -->
  <testcase classname="com.syn.runner.RunTest" name="testcaseone">
    <skipped/>
  </testcase> <!-- testcaseone -->
  <testcase classname="com.syn.runner.RunTest" name="testcasefive">
    <skipped/>
  </testcase> <!-- testcasefive -->
  <testcase classname="com.syn.runner.RunTest" name="testcasesix">
    <skipped/>
  </testcase> <!-- testcasesix -->
  <testcase classname="com.syn.runner.RunTest" name="testcaseseven">
    <skipped/>
  </testcase> <!-- testcaseseven -->
  <testcase classname="com.syn.runner.RunTest" name="testcasethree">
    <skipped/>
  </testcase> <!-- testcasethree -->
  <testcase classname="com.syn.runner.RunTest" name="testcasefour">
    <skipped/>
  </testcase> <!-- testcasefour -->
  <testcase classname="com.syn.runner.RunTest" name="testcasetwo">
    <skipped/>
  </testcase> <!-- testcasetwo -->
</testsuite> <!-- com.syn.runner.RunTest -->
